theory ID_Base_bone_franklin_CPA_formalization begin

// Function signature and definition of the equational theory E

builtins: diffie-hellman, bilinear-pairing, xor
functions: HashA/1, HashB/1, Make_Masterskey/2, UserID/4, dec/2, enc/2,
           fst/1, h/1, pair/2, snd/1
equations: fst(<x.1, x.2>) = x.1, snd(<x.1, x.2>) = x.2







rule (modulo E) Setup:
   [ Fr( ~Masterskey ) ]
  --[ OnlyOnce( ) ]->
   [ !Make_Masterskey( ~Masterskey, 'KGC' ), Out( <'Masterpkey', 'KGC'> ) ]

rule (modulo E) Create_Id:
   [ Fr( ~ID ), !Make_Masterskey( Masterskey, 'KGC' ) ]
  --[
  OnlyOnce( ),
  Create_ID( $User,
             <pmult(Masterskey, 'Public'), pmult(Masterskey, HashA($User))>
  )
  ]->
   [
   !UserID( pmult(Masterskey, 'Public'), pmult(Masterskey, HashA($User)),
            $User, ~ID
   )
   ]

rule (modulo E) Attacker_Get_Masterskey:
   [ !Make_Masterskey( Masterskey, 'KGC' ) ]
  --[ Oracle( 'MsterKey', 'KGC' ) ]->
   [ Out( Masterskey ) ]

rule (modulo E) Attacker_Get_Usersey:
   [ !UserID( Masterpkey, Userskey, $User, ~ID ) ]
  --[ Oracle( 'UserKey', $User ) ]->
   [ Out( Userskey ) ]

rule (modulo E) Attacker_make_message:
   [ Fr( m_ ) ] --> [ Out( <'MsterKey', 'KGC', m_> ), St_Oracle( m_ ) ]

rule (modulo E) Sender_encrypt:
   [
   Fr( ~m ), Fr( ~nonce ), Fr( ~r ),
   !UserID( Masterpkey, Userskey, 'alice', ~ID )
   ]
  --[ Secret( ~nonce ) ]->
   [
   Out( <pmult(~r, 'Public'), 
         (HashB(em(Masterpkey, HashA('bob'))^~r)⊕<~nonce, 'bob', ~m>)>
   ),
   St_Sender( Masterpkey, Userskey, ~ID, ~nonce )
   ]

rule (modulo E) Encrypt_Attacker:
   [
   !Make_Masterskey( ~Masterskey, 'KGC' ), In( <'MsterKey', 'KGC', m_> ),
   In( <'UserKey', $User, ~m> ), St_Oracle( m_ ), Fr( ~nonce )
   ]
  --[
  Send( 'MsterKey', 'KGC', enc(<'MsterKey', 'KGC', m_>, ~Masterskey) ),
  Secret( ~nonce ), Role( 'Oracle' ), Attacker_send_plain( m_ )
  ]->
   [
   Out( enc(<diff(<'MsterKey', 'KGC', m_>, <'UserKey', $User, ~m>), ~nonce>,
            ~Masterskey)
   ),
   St_ReceiveKey_Oracle_plain( m_, ~Masterskey )
   ]

rule (modulo E) Receiver_message:
   [
   In( <Encrypt1, Encrypt2> ), Fr( ~r ),
   !UserID( Masterpkey, Userskey, 'bob', ~ID )
   ]
  --[ Run( 'bob', 'alice', fst((Encrypt2⊕HashB(em(Encrypt1, Userskey)))) )
  ]->
   [
   Out( <pmult(~r, 'Public'), 
         (HashB(em(Masterpkey, HashA('alice'))^~r)⊕
          <fst((Encrypt2⊕HashB(em(Encrypt1, Userskey)))), 'rceivernonce'>)
        >
   )
   ]

rule (modulo E) Sender_receive_check:
   [
   St_ReceiveKey_Oracle_plain( m_, ~Masterskey ),
   St_Sender( Masterpkey, Userskey, ~ID, ~nonce ),
   In( <Encrypt1, Encrypt2> )
   ]
  --[
  Finish( ),
  Notequalvalue( <(Encrypt2⊕HashB(em(Encrypt1, Userskey))), ~nonce> ),
  Secretmessage( (Encrypt2⊕HashB(em(Encrypt1, Userskey))) ),
  Commit( 'a', 'b', ~nonce )
  ]->
   [ ]

restriction OnlyOnce [right]:
  "∀ #i #j. ((OnlyOnce( ) @ #i) ∧ (OnlyOnce( ) @ #j)) ⇒ (#i = #j)"
  // safety formula

restriction OnlyOnce [left]:
  "∀ #i #j. ((OnlyOnce( ) @ #i) ∧ (OnlyOnce( ) @ #j)) ⇒ (#i = #j)"
  // safety formula

lemma check_aliveness [right]:
  all-traces
  "∀ x y t #i.
    (Commit( x, y, t ) @ #i) ⇒
    ((∃ id #j. Create_ID( y, id ) @ #j) ∨
     (∃ #r. Oracle( 'MsterKey', 'KGC' ) @ #r))"
/*
guarded formula characterizing all counter-examples:
"∃ x y t #i.
  (Commit( x, y, t ) @ #i)
 ∧
  (∀ id #j. (Create_ID( y, id ) @ #j) ⇒ ⊥) ∧
  (∀ #r. (Oracle( 'MsterKey', 'KGC' ) @ #r) ⇒ ⊥)"
*/
by sorry

lemma check_aliveness [left]:
  all-traces
  "∀ x y t #i.
    (Commit( x, y, t ) @ #i) ⇒
    ((∃ id #j. Create_ID( y, id ) @ #j) ∨
     (∃ #r. Oracle( 'MsterKey', 'KGC' ) @ #r))"
/*
guarded formula characterizing all counter-examples:
"∃ x y t #i.
  (Commit( x, y, t ) @ #i)
 ∧
  (∀ id #j. (Create_ID( y, id ) @ #j) ⇒ ⊥) ∧
  (∀ #r. (Oracle( 'MsterKey', 'KGC' ) @ #r) ⇒ ⊥)"
*/
by sorry

lemma check_noninjective_agreement [right]:
  all-traces
  "∀ x y t #i.
    (Commit( x, y, t ) @ #i) ⇒
    (((∃ t.1 #j. Run( y, x, t.1 ) @ #j) ∨
      (∃ #r. Oracle( 'UserKey', 'b' ) @ #r)) ∨
     (∃ #j. Oracle( 'MsterKey', 'KGC' ) @ #j))"
/*
guarded formula characterizing all counter-examples:
"∃ x y t #i.
  (Commit( x, y, t ) @ #i)
 ∧
  (∀ t.1 #j. (Run( y, x, t.1 ) @ #j) ⇒ ⊥) ∧
  (∀ #r. (Oracle( 'UserKey', 'b' ) @ #r) ⇒ ⊥) ∧
  (∀ #j. (Oracle( 'MsterKey', 'KGC' ) @ #j) ⇒ ⊥)"
*/
by sorry

lemma check_noninjective_agreement [left]:
  all-traces
  "∀ x y t #i.
    (Commit( x, y, t ) @ #i) ⇒
    (((∃ t.1 #j. Run( y, x, t.1 ) @ #j) ∨
      (∃ #r. Oracle( 'UserKey', 'b' ) @ #r)) ∨
     (∃ #j. Oracle( 'MsterKey', 'KGC' ) @ #j))"
/*
guarded formula characterizing all counter-examples:
"∃ x y t #i.
  (Commit( x, y, t ) @ #i)
 ∧
  (∀ t.1 #j. (Run( y, x, t.1 ) @ #j) ⇒ ⊥) ∧
  (∀ #r. (Oracle( 'UserKey', 'b' ) @ #r) ⇒ ⊥) ∧
  (∀ #j. (Oracle( 'MsterKey', 'KGC' ) @ #j) ⇒ ⊥)"
*/
by sorry

lemma check_injective_agreement [right]:
  all-traces
  "∀ x y t #i.
    (Commit( x, y, t ) @ #i) ⇒
    ((∃ #j.
       ((Run( y, x, t ) @ #j) ∧ (#j < #i)) ∧
       (¬(∃ z w #k. (Commit( z, w, t ) @ #k) ∧ (¬(#k = #i))))) ∨
     (∃ #r. Oracle( 'MsterKey', 'KGC' ) @ #r))"
/*
guarded formula characterizing all counter-examples:
"∃ x y t #i.
  (Commit( x, y, t ) @ #i)
 ∧
  (∀ #j.
    (Run( y, x, t ) @ #j)
   ⇒
    ((¬(#j < #i)) ∨ (∃ z w #k. (Commit( z, w, t ) @ #k) ∧ ¬(#k = #i)))) ∧
  (∀ #r. (Oracle( 'MsterKey', 'KGC' ) @ #r) ⇒ ⊥)"
*/
by sorry

lemma check_injective_agreement [left]:
  all-traces
  "∀ x y t #i.
    (Commit( x, y, t ) @ #i) ⇒
    ((∃ #j.
       ((Run( y, x, t ) @ #j) ∧ (#j < #i)) ∧
       (¬(∃ z w #k. (Commit( z, w, t ) @ #k) ∧ (¬(#k = #i))))) ∨
     (∃ #r. Oracle( 'MsterKey', 'KGC' ) @ #r))"
/*
guarded formula characterizing all counter-examples:
"∃ x y t #i.
  (Commit( x, y, t ) @ #i)
 ∧
  (∀ #j.
    (Run( y, x, t ) @ #j)
   ⇒
    ((¬(#j < #i)) ∨ (∃ z w #k. (Commit( z, w, t ) @ #k) ∧ ¬(#k = #i)))) ∧
  (∀ #r. (Oracle( 'MsterKey', 'KGC' ) @ #r) ⇒ ⊥)"
*/
by sorry

lemma nonce_secrecy [right]:
  all-traces
  "∀ s #i.
    (Secret( s ) @ #i) ⇒
    ((((¬(∃ #j. K( s ) @ #j)) ∨ (∃ #l. Oracle( 'UserKey', 'a' ) @ #l)) ∨
      (∃ #l. Oracle( 'UserKey', 'b' ) @ #l)) ∨
     (∃ #l. Oracle( 'MsterKey', 'KGC' ) @ #l))"
/*
guarded formula characterizing all counter-examples:
"∃ s #i.
  (Secret( s ) @ #i)
 ∧
  (∃ #j. (K( s ) @ #j)) ∧
  (∀ #l. (Oracle( 'UserKey', 'a' ) @ #l) ⇒ ⊥) ∧
  (∀ #l. (Oracle( 'UserKey', 'b' ) @ #l) ⇒ ⊥) ∧
  (∀ #l. (Oracle( 'MsterKey', 'KGC' ) @ #l) ⇒ ⊥)"
*/
by sorry

lemma nonce_secrecy [left]:
  all-traces
  "∀ s #i.
    (Secret( s ) @ #i) ⇒
    ((((¬(∃ #j. K( s ) @ #j)) ∨ (∃ #l. Oracle( 'UserKey', 'a' ) @ #l)) ∨
      (∃ #l. Oracle( 'UserKey', 'b' ) @ #l)) ∨
     (∃ #l. Oracle( 'MsterKey', 'KGC' ) @ #l))"
/*
guarded formula characterizing all counter-examples:
"∃ s #i.
  (Secret( s ) @ #i)
 ∧
  (∃ #j. (K( s ) @ #j)) ∧
  (∀ #l. (Oracle( 'UserKey', 'a' ) @ #l) ⇒ ⊥) ∧
  (∀ #l. (Oracle( 'UserKey', 'b' ) @ #l) ⇒ ⊥) ∧
  (∀ #l. (Oracle( 'MsterKey', 'KGC' ) @ #l) ⇒ ⊥)"
*/
by sorry

lemma ow_value_notequal [right]:
  all-traces
  "∀ #i #j x.
    ((Notequalvalue( x ) @ #i) ∧ (Notequalvalue( x ) @ #j)) ⇒ (#i = #j)"
/*
guarded formula characterizing all counter-examples:
"∃ #i #j x.
  (Notequalvalue( x ) @ #i) ∧ (Notequalvalue( x ) @ #j) ∧ ¬(#i = #j)"
*/
by sorry

lemma ow_value_notequal [left]:
  all-traces
  "∀ #i #j x.
    ((Notequalvalue( x ) @ #i) ∧ (Notequalvalue( x ) @ #j)) ⇒ (#i = #j)"
/*
guarded formula characterizing all counter-examples:
"∃ #i #j x.
  (Notequalvalue( x ) @ #i) ∧ (Notequalvalue( x ) @ #j) ∧ ¬(#i = #j)"
*/
by sorry

lemma ow_m_secret [right]:
  all-traces "∀ m #i. (Secretmessage( m ) @ #i) ⇒ (¬(∃ #j. K( m ) @ #j))"
/*
guarded formula characterizing all counter-examples:
"∃ m #i. (Secretmessage( m ) @ #i) ∧ ∃ #j. (K( m ) @ #j)"
*/
by sorry

lemma ow_m_secret [left]:
  all-traces "∀ m #i. (Secretmessage( m ) @ #i) ⇒ (¬(∃ #j. K( m ) @ #j))"
/*
guarded formula characterizing all counter-examples:
"∃ m #i. (Secretmessage( m ) @ #i) ∧ ∃ #j. (K( m ) @ #j)"
*/
by sorry

diffLemma Observational_equivalence:
by sorry

/* All wellformedness checks were successful. */

/*
Generated from:
Tamarin version 1.10.0
Maude version 2.7.1
Git revision: UNKNOWN, branch: UNKNOWN
Compiled at: 2024-10-30 14:56:23.355649243 UTC
*/

end

==============================================================================
summary of summaries:

analyzed: code4-M.spthy

  processing time: 45.62s
  
  RHS :  check_aliveness (all-traces): analysis incomplete (1 steps)
  LHS :  check_aliveness (all-traces): analysis incomplete (1 steps)
  RHS :  check_noninjective_agreement (all-traces): analysis incomplete (1 steps)
  LHS :  check_noninjective_agreement (all-traces): analysis incomplete (1 steps)
  RHS :  check_injective_agreement (all-traces): analysis incomplete (1 steps)
  LHS :  check_injective_agreement (all-traces): analysis incomplete (1 steps)
  RHS :  nonce_secrecy (all-traces): analysis incomplete (1 steps)
  LHS :  nonce_secrecy (all-traces): analysis incomplete (1 steps)
  RHS :  ow_value_notequal (all-traces): analysis incomplete (1 steps)
  LHS :  ow_value_notequal (all-traces): analysis incomplete (1 steps)
  RHS :  ow_m_secret (all-traces): analysis incomplete (1 steps)
  LHS :  ow_m_secret (all-traces): analysis incomplete (1 steps)
  DiffLemma:  Observational_equivalence : analysis incomplete (1 steps)

==============================================================================
