Linear part: No equation.
Convergent part:
xor(xor(x,y),y) = x
xor(x,x) = zeros
xor(zeros,x) = x
xor(x,zeros) = x
con(divhead(mt),divrest(mt)) = mt
divhead(con(lmt,rmt)) = lmt
divrest(con(lmt,rmt)) = rmt
dec(enc(x,s),s) = x
Completing equations...
Completed equations:
dec(enc(x,s),s) = x
divrest(con(lmt,rmt)) = rmt
divhead(con(lmt,rmt)) = lmt
con(divhead(mt),divrest(mt)) = mt
xor(x,zeros) = x
xor(zeros,x) = x
xor(x,x) = zeros
xor(xor(x,y),y) = x
Process 0 (that is, the initial process):
(
    {1}new iv: bitstring;
    {2}out(cc, (iv,4));
    {3}out(d, (iv,ts,4));
    {4}!
    {5}out(dd, 4)
) | (
    {6}!
    {7}let prskey: bitstring = sskey in
    {8}in(d, (iv_1: bitstring,m: bitstring,n: nat));
    {9}if (n ≠ 1) then
    (
        {10}let tb: bitstring = divhead(m) in
        {11}let nb: bitstring = divrest(m) in
        {12}let cipb: bitstring = enc(xor(tb,iv_1),prskey) in
        {13}out(cc, (iv_1,cipb));
        {14}out(pubc, (iv_1,cipb));
        {15}out(d, (cipb,nb,n - 1))
    )
    else
        {16}let cipb_1: bitstring = enc(xor(m,iv_1),prskey) in
        {17}out(pubc, (iv_1,cipb_1));
        {18}out(cc, (iv_1,cipb_1))
) | (
    {19}!
    {20}let prskey_1: bitstring = sskey in
    {21}in(dd, x2: nat);
    {22}in(cc, (ciphb1: bitstring,ciphb2: bitstring));
    {23}let plainb: bitstring = dec(ciphb2,prskey_1) in
    {24}if (ciphb2 = enc(plainb,prskey_1)) then
    {25}let plaina: bitstring = xor(plainb,ciphb1) in
    {26}if (plainb = xor(plaina,ciphb1)) then
    {27}let x3: nat = x2 - 1 in
    {28}if (x3 ≠ 0) then
    (
        {29}out(dd, x3);
        {30}in(ee, (x4: nat,tailce: bitstring));
        {31}if (x4 = x3) then
        {32}let conb: bitstring = con(plaina,tailce) in
        {33}out(ee, (x2,conb));
        {34}if (conb = ts) then
        {35}event SuccCBC
    )
    else
        {36}out(ee, (x2,plaina))
)

--  Process 1 (that is, process 0, with let moved downwards):
(
    {1}new iv: bitstring;
    {2}out(cc, (iv,4));
    {3}out(d, (iv,ts,4));
    {4}!
    {5}out(dd, 4)
) | (
    {6}!
    {8}in(d, (iv_1: bitstring,m: bitstring,n: nat));
    {7}let prskey: bitstring = sskey in
    {9}if (n ≠ 1) then
    (
        {10}let tb: bitstring = divhead(m) in
        {12}let cipb: bitstring = enc(xor(tb,iv_1),prskey) in
        {13}out(cc, (iv_1,cipb));
        {14}out(pubc, (iv_1,cipb));
        {11}let nb: bitstring = divrest(m) in
        {15}out(d, (cipb,nb,n - 1))
    )
    else
        {16}let cipb_1: bitstring = enc(xor(m,iv_1),prskey) in
        {17}out(pubc, (iv_1,cipb_1));
        {18}out(cc, (iv_1,cipb_1))
) | (
    {19}!
    {21}in(dd, x2: nat);
    {22}in(cc, (ciphb1: bitstring,ciphb2: bitstring));
    {20}let prskey_1: bitstring = sskey in
    {23}let plainb: bitstring = dec(ciphb2,prskey_1) in
    {24}if (ciphb2 = enc(plainb,prskey_1)) then
    {25}let plaina: bitstring = xor(plainb,ciphb1) in
    {26}if (plainb = xor(plaina,ciphb1)) then
    {27}let x3: nat = x2 - 1 in
    {28}if (x3 ≠ 0) then
    (
        {29}out(dd, x3);
        {30}in(ee, (x4: nat,tailce: bitstring));
        {31}if (x4 = x3) then
        {32}let conb: bitstring = con(plaina,tailce) in
        {33}out(ee, (x2,conb));
        {34}if (conb = ts) then
        {35}event SuccCBC
    )
    else
        {36}out(ee, (x2,plaina))
)

-- Query not attacker(ts[]) in process 1.
Translating the process into Horn clauses...
Completing...
200 rules inserted. Base: 197 rules (32 with conclusion selected). Queue: 69 rules.
400 rules inserted. Base: 355 rules (44 with conclusion selected). Queue: 220 rules.
600 rules inserted. Base: 551 rules (108 with conclusion selected). Queue: 1439 rules.
800 rules inserted. Base: 747 rules (172 with conclusion selected). Queue: 2588 rules.
1000 rules inserted. Base: 947 rules (244 with conclusion selected). Queue: 3900 rules.
1200 rules inserted. Base: 1147 rules (316 with conclusion selected). Queue: 5212 rules.
1400 rules inserted. Base: 1347 rules (390 with conclusion selected). Queue: 6566 rules.
1600 rules inserted. Base: 1541 rules (461 with conclusion selected). Queue: 7862 rules.
1800 rules inserted. Base: 1741 rules (534 with conclusion selected). Queue: 9195 rules.
2000 rules inserted. Base: 1941 rules (607 with conclusion selected). Queue: 10528 rules.
2200 rules inserted. Base: 2066 rules (682 with conclusion selected). Queue: 11274 rules.
2400 rules inserted. Base: 2266 rules (757 with conclusion selected). Queue: 11149 rules.
2600 rules inserted. Base: 2466 rules (835 with conclusion selected). Queue: 11027 rules.
2800 rules inserted. Base: 2666 rules (909 with conclusion selected). Queue: 10901 rules.
3000 rules inserted. Base: 2866 rules (987 with conclusion selected). Queue: 10779 rules.
3200 rules inserted. Base: 3066 rules (1061 with conclusion selected). Queue: 10653 rules.
3400 rules inserted. Base: 3266 rules (1139 with conclusion selected). Queue: 10531 rules.
3600 rules inserted. Base: 3466 rules (1213 with conclusion selected). Queue: 10405 rules.
3800 rules inserted. Base: 3666 rules (1291 with conclusion selected). Queue: 10283 rules.
4000 rules inserted. Base: 3866 rules (1366 with conclusion selected). Queue: 10158 rules.
4200 rules inserted. Base: 4066 rules (1443 with conclusion selected). Queue: 10035 rules.
4400 rules inserted. Base: 4266 rules (1519 with conclusion selected). Queue: 9911 rules.
4600 rules inserted. Base: 4466 rules (1595 with conclusion selected). Queue: 9787 rules.
4800 rules inserted. Base: 4666 rules (1672 with conclusion selected). Queue: 9664 rules.
5000 rules inserted. Base: 4866 rules (1747 with conclusion selected). Queue: 9539 rules.
5200 rules inserted. Base: 5066 rules (1825 with conclusion selected). Queue: 9417 rules.
5400 rules inserted. Base: 5266 rules (1899 with conclusion selected). Queue: 9291 rules.
5600 rules inserted. Base: 5466 rules (1977 with conclusion selected). Queue: 9169 rules.
5800 rules inserted. Base: 5666 rules (2051 with conclusion selected). Queue: 9043 rules.
6000 rules inserted. Base: 5866 rules (2129 with conclusion selected). Queue: 8921 rules.
6200 rules inserted. Base: 6066 rules (2204 with conclusion selected). Queue: 8796 rules.
6400 rules inserted. Base: 6266 rules (2282 with conclusion selected). Queue: 8674 rules.
6600 rules inserted. Base: 6466 rules (2357 with conclusion selected). Queue: 8549 rules.
6800 rules inserted. Base: 6666 rules (2435 with conclusion selected). Queue: 8427 rules.
7000 rules inserted. Base: 6866 rules (2509 with conclusion selected). Queue: 8301 rules.
7200 rules inserted. Base: 7066 rules (2587 with conclusion selected). Queue: 8179 rules.
7400 rules inserted. Base: 7266 rules (2661 with conclusion selected). Queue: 8053 rules.
7600 rules inserted. Base: 7466 rules (2739 with conclusion selected). Queue: 7931 rules.
7800 rules inserted. Base: 7666 rules (2813 with conclusion selected). Queue: 7805 rules.
8000 rules inserted. Base: 7866 rules (2891 with conclusion selected). Queue: 7683 rules.
8200 rules inserted. Base: 8064 rules (2965 with conclusion selected). Queue: 7559 rules.
8400 rules inserted. Base: 8264 rules (3043 with conclusion selected). Queue: 7437 rules.
8600 rules inserted. Base: 8464 rules (3117 with conclusion selected). Queue: 7311 rules.
8800 rules inserted. Base: 8664 rules (3195 with conclusion selected). Queue: 7189 rules.
9000 rules inserted. Base: 8864 rules (3269 with conclusion selected). Queue: 7063 rules.
9200 rules inserted. Base: 9062 rules (3347 with conclusion selected). Queue: 7110 rules.
9400 rules inserted. Base: 9262 rules (3421 with conclusion selected). Queue: 6984 rules.
9600 rules inserted. Base: 9462 rules (3499 with conclusion selected). Queue: 6862 rules.
9800 rules inserted. Base: 9662 rules (3573 with conclusion selected). Queue: 6736 rules.
10000 rules inserted. Base: 9862 rules (3651 with conclusion selected). Queue: 6614 rules.
10200 rules inserted. Base: 10062 rules (3726 with conclusion selected). Queue: 6489 rules.
10400 rules inserted. Base: 10262 rules (3803 with conclusion selected). Queue: 6366 rules.
10600 rules inserted. Base: 10462 rules (3879 with conclusion selected). Queue: 6242 rules.
10800 rules inserted. Base: 10662 rules (3955 with conclusion selected). Queue: 6118 rules.
11000 rules inserted. Base: 10862 rules (4032 with conclusion selected). Queue: 5995 rules.
11200 rules inserted. Base: 11062 rules (4107 with conclusion selected). Queue: 5870 rules.
11400 rules inserted. Base: 11262 rules (4185 with conclusion selected). Queue: 5748 rules.
11600 rules inserted. Base: 11462 rules (4259 with conclusion selected). Queue: 5622 rules.
11800 rules inserted. Base: 11662 rules (4337 with conclusion selected). Queue: 5500 rules.
12000 rules inserted. Base: 11862 rules (4411 with conclusion selected). Queue: 5374 rules.
12200 rules inserted. Base: 12062 rules (4489 with conclusion selected). Queue: 5252 rules.
12400 rules inserted. Base: 12262 rules (4564 with conclusion selected). Queue: 5127 rules.
12600 rules inserted. Base: 12462 rules (4642 with conclusion selected). Queue: 5005 rules.
12800 rules inserted. Base: 12662 rules (4717 with conclusion selected). Queue: 4880 rules.
13000 rules inserted. Base: 12862 rules (4725 with conclusion selected). Queue: 4688 rules.
13200 rules inserted. Base: 13062 rules (4725 with conclusion selected). Queue: 4488 rules.
13400 rules inserted. Base: 13262 rules (4725 with conclusion selected). Queue: 4288 rules.
13600 rules inserted. Base: 13462 rules (4725 with conclusion selected). Queue: 4088 rules.
13800 rules inserted. Base: 13662 rules (4725 with conclusion selected). Queue: 3888 rules.
14000 rules inserted. Base: 13862 rules (4725 with conclusion selected). Queue: 3688 rules.
14200 rules inserted. Base: 14062 rules (4725 with conclusion selected). Queue: 3488 rules.
14400 rules inserted. Base: 14262 rules (4725 with conclusion selected). Queue: 3288 rules.
14600 rules inserted. Base: 14462 rules (4725 with conclusion selected). Queue: 3088 rules.
14800 rules inserted. Base: 14662 rules (4725 with conclusion selected). Queue: 2888 rules.
15000 rules inserted. Base: 14862 rules (4725 with conclusion selected). Queue: 2688 rules.
15200 rules inserted. Base: 15062 rules (4725 with conclusion selected). Queue: 2488 rules.
15400 rules inserted. Base: 15262 rules (4725 with conclusion selected). Queue: 2288 rules.
15600 rules inserted. Base: 15462 rules (4725 with conclusion selected). Queue: 2088 rules.
15800 rules inserted. Base: 15660 rules (4725 with conclusion selected). Queue: 1889 rules.
16000 rules inserted. Base: 15860 rules (4725 with conclusion selected). Queue: 1689 rules.
16200 rules inserted. Base: 16060 rules (4761 with conclusion selected). Queue: 1525 rules.
16400 rules inserted. Base: 16260 rules (4790 with conclusion selected). Queue: 1376 rules.
16600 rules inserted. Base: 16460 rules (4790 with conclusion selected). Queue: 1176 rules.
16800 rules inserted. Base: 16660 rules (4790 with conclusion selected). Queue: 976 rules.
17000 rules inserted. Base: 16860 rules (4790 with conclusion selected). Queue: 776 rules.
17200 rules inserted. Base: 17060 rules (4790 with conclusion selected). Queue: 576 rules.
17400 rules inserted. Base: 17260 rules (4790 with conclusion selected). Queue: 376 rules.
17600 rules inserted. Base: 17460 rules (4790 with conclusion selected). Queue: 176 rules.
Starting query not attacker(ts[])
RESULT not attacker(ts[]) is true.
-- Query not event(SuccCBC) in process 1.
Translating the process into Horn clauses...
Completing...
200 rules inserted. Base: 194 rules (32 with conclusion selected). Queue: 67 rules.
400 rules inserted. Base: 351 rules (44 with conclusion selected). Queue: 225 rules.
600 rules inserted. Base: 547 rules (108 with conclusion selected). Queue: 1446 rules.
800 rules inserted. Base: 743 rules (170 with conclusion selected). Queue: 2553 rules.
1000 rules inserted. Base: 943 rules (244 with conclusion selected). Queue: 3907 rules.
1200 rules inserted. Base: 1143 rules (316 with conclusion selected). Queue: 5219 rules.
1400 rules inserted. Base: 1343 rules (388 with conclusion selected). Queue: 6531 rules.
1600 rules inserted. Base: 1537 rules (461 with conclusion selected). Queue: 7869 rules.
1800 rules inserted. Base: 1737 rules (533 with conclusion selected). Queue: 9181 rules.
2000 rules inserted. Base: 1937 rules (605 with conclusion selected). Queue: 10493 rules.
2200 rules inserted. Base: 2062 rules (677 with conclusion selected). Queue: 11276 rules.
2400 rules inserted. Base: 2262 rules (755 with conclusion selected). Queue: 11154 rules.
2600 rules inserted. Base: 2462 rules (830 with conclusion selected). Queue: 11029 rules.
2800 rules inserted. Base: 2662 rules (907 with conclusion selected). Queue: 10906 rules.
3000 rules inserted. Base: 2862 rules (983 with conclusion selected). Queue: 10782 rules.
3200 rules inserted. Base: 3062 rules (1059 with conclusion selected). Queue: 10658 rules.
3400 rules inserted. Base: 3262 rules (1136 with conclusion selected). Queue: 10535 rules.
3600 rules inserted. Base: 3462 rules (1211 with conclusion selected). Queue: 10410 rules.
3800 rules inserted. Base: 3662 rules (1289 with conclusion selected). Queue: 10288 rules.
4000 rules inserted. Base: 3862 rules (1363 with conclusion selected). Queue: 10162 rules.
4200 rules inserted. Base: 4062 rules (1441 with conclusion selected). Queue: 10040 rules.
4400 rules inserted. Base: 4262 rules (1515 with conclusion selected). Queue: 9914 rules.
4600 rules inserted. Base: 4462 rules (1593 with conclusion selected). Queue: 9792 rules.
4800 rules inserted. Base: 4662 rules (1668 with conclusion selected). Queue: 9667 rules.
5000 rules inserted. Base: 4862 rules (1746 with conclusion selected). Queue: 9545 rules.
5200 rules inserted. Base: 5062 rules (1821 with conclusion selected). Queue: 9420 rules.
5400 rules inserted. Base: 5262 rules (1899 with conclusion selected). Queue: 9298 rules.
5600 rules inserted. Base: 5462 rules (1973 with conclusion selected). Queue: 9172 rules.
5800 rules inserted. Base: 5662 rules (2051 with conclusion selected). Queue: 9050 rules.
6000 rules inserted. Base: 5862 rules (2125 with conclusion selected). Queue: 8924 rules.
6200 rules inserted. Base: 6062 rules (2203 with conclusion selected). Queue: 8802 rules.
6400 rules inserted. Base: 6262 rules (2277 with conclusion selected). Queue: 8676 rules.
6600 rules inserted. Base: 6462 rules (2355 with conclusion selected). Queue: 8554 rules.
6800 rules inserted. Base: 6662 rules (2430 with conclusion selected). Queue: 8429 rules.
7000 rules inserted. Base: 6862 rules (2507 with conclusion selected). Queue: 8306 rules.
7200 rules inserted. Base: 7062 rules (2583 with conclusion selected). Queue: 8182 rules.
7400 rules inserted. Base: 7262 rules (2659 with conclusion selected). Queue: 8058 rules.
7600 rules inserted. Base: 7462 rules (2736 with conclusion selected). Queue: 7935 rules.
7800 rules inserted. Base: 7662 rules (2811 with conclusion selected). Queue: 7810 rules.
8000 rules inserted. Base: 7862 rules (2889 with conclusion selected). Queue: 7688 rules.
8200 rules inserted. Base: 8060 rules (2963 with conclusion selected). Queue: 7564 rules.
8400 rules inserted. Base: 8260 rules (3038 with conclusion selected). Queue: 7439 rules.
8600 rules inserted. Base: 8460 rules (3115 with conclusion selected). Queue: 7316 rules.
8800 rules inserted. Base: 8660 rules (3191 with conclusion selected). Queue: 7192 rules.
9000 rules inserted. Base: 8860 rules (3267 with conclusion selected). Queue: 7068 rules.
9200 rules inserted. Base: 9058 rules (3343 with conclusion selected). Queue: 7113 rules.
9400 rules inserted. Base: 9258 rules (3419 with conclusion selected). Queue: 6989 rules.
9600 rules inserted. Base: 9458 rules (3496 with conclusion selected). Queue: 6866 rules.
9800 rules inserted. Base: 9658 rules (3571 with conclusion selected). Queue: 6741 rules.
10000 rules inserted. Base: 9858 rules (3649 with conclusion selected). Queue: 6619 rules.
10200 rules inserted. Base: 10058 rules (3723 with conclusion selected). Queue: 6493 rules.
10400 rules inserted. Base: 10258 rules (3801 with conclusion selected). Queue: 6371 rules.
10600 rules inserted. Base: 10458 rules (3875 with conclusion selected). Queue: 6245 rules.
10800 rules inserted. Base: 10658 rules (3953 with conclusion selected). Queue: 6123 rules.
11000 rules inserted. Base: 10858 rules (4028 with conclusion selected). Queue: 5998 rules.
11200 rules inserted. Base: 11058 rules (4106 with conclusion selected). Queue: 5876 rules.
11400 rules inserted. Base: 11258 rules (4181 with conclusion selected). Queue: 5751 rules.
11600 rules inserted. Base: 11458 rules (4259 with conclusion selected). Queue: 5629 rules.
11800 rules inserted. Base: 11658 rules (4333 with conclusion selected). Queue: 5503 rules.
12000 rules inserted. Base: 11858 rules (4411 with conclusion selected). Queue: 5381 rules.
12200 rules inserted. Base: 12058 rules (4485 with conclusion selected). Queue: 5255 rules.
12400 rules inserted. Base: 12258 rules (4563 with conclusion selected). Queue: 5133 rules.
12600 rules inserted. Base: 12458 rules (4637 with conclusion selected). Queue: 5007 rules.
12800 rules inserted. Base: 12658 rules (4715 with conclusion selected). Queue: 4885 rules.
13000 rules inserted. Base: 12858 rules (4725 with conclusion selected). Queue: 4695 rules.
13200 rules inserted. Base: 13058 rules (4725 with conclusion selected). Queue: 4495 rules.
13400 rules inserted. Base: 13258 rules (4725 with conclusion selected). Queue: 4295 rules.
13600 rules inserted. Base: 13458 rules (4725 with conclusion selected). Queue: 4095 rules.
13800 rules inserted. Base: 13658 rules (4725 with conclusion selected). Queue: 3895 rules.
14000 rules inserted. Base: 13858 rules (4725 with conclusion selected). Queue: 3695 rules.
14200 rules inserted. Base: 14058 rules (4725 with conclusion selected). Queue: 3495 rules.
14400 rules inserted. Base: 14258 rules (4725 with conclusion selected). Queue: 3295 rules.
14600 rules inserted. Base: 14458 rules (4725 with conclusion selected). Queue: 3095 rules.
14800 rules inserted. Base: 14658 rules (4725 with conclusion selected). Queue: 2895 rules.
15000 rules inserted. Base: 14858 rules (4725 with conclusion selected). Queue: 2695 rules.
15200 rules inserted. Base: 15058 rules (4725 with conclusion selected). Queue: 2495 rules.
15400 rules inserted. Base: 15258 rules (4725 with conclusion selected). Queue: 2295 rules.
15600 rules inserted. Base: 15458 rules (4725 with conclusion selected). Queue: 2095 rules.
15800 rules inserted. Base: 15656 rules (4725 with conclusion selected). Queue: 1896 rules.
16000 rules inserted. Base: 15856 rules (4725 with conclusion selected). Queue: 1696 rules.
16200 rules inserted. Base: 16056 rules (4757 with conclusion selected). Queue: 1528 rules.
16400 rules inserted. Base: 16256 rules (4790 with conclusion selected). Queue: 1384 rules.
16600 rules inserted. Base: 16456 rules (4790 with conclusion selected). Queue: 1184 rules.
16800 rules inserted. Base: 16656 rules (4790 with conclusion selected). Queue: 984 rules.
17000 rules inserted. Base: 16856 rules (4790 with conclusion selected). Queue: 784 rules.
17200 rules inserted. Base: 17056 rules (4790 with conclusion selected). Queue: 584 rules.
17400 rules inserted. Base: 17256 rules (4790 with conclusion selected). Queue: 384 rules.
17600 rules inserted. Base: 17456 rules (4790 with conclusion selected). Queue: 184 rules.
Starting query not event(SuccCBC)
goal reachable: event(SuccCBC)

Derivation:

1. The message 4 may be sent on channel dd[] at output {5}.
mess(dd[],4).

2. The message (iv[],ts[],4) may be sent on channel d[] at output {3}.
mess(d[],(iv[],ts[],4)).

3. The message (iv[],ts[],4) that may be sent on channel d[] by 2 may be received at input {8}.
We have 4 ≠ 1.
So the message (iv[],enc(xor(divhead(ts[]),iv[]),sskey[])) may be sent on channel cc[] at output {13}.
mess(cc[],(iv[],enc(xor(divhead(ts[]),iv[]),sskey[]))).

4. The message 4 may be sent on channel dd[] at output {5}.
mess(dd[],4).

5. The message (iv[],ts[],4) that may be sent on channel d[] by 2 may be received at input {8}.
We have 4 ≠ 1.
So the message (iv[],enc(xor(divhead(ts[]),iv[]),sskey[])) may be sent on channel cc[] at output {13}.
mess(cc[],(iv[],enc(xor(divhead(ts[]),iv[]),sskey[]))).

6. The message 4 that may be sent on channel dd[] by 4 may be received at input {21}.
The message (iv[],enc(xor(divhead(ts[]),iv[]),sskey[])) that may be sent on channel cc[] by 5 may be received at input {22}.
We have 3 ≠ 0.
So the message 3 may be sent on channel dd[] at output {29}.
mess(dd[],3).

7. The message (iv[],ts[],4) that may be sent on channel d[] by 2 may be received at input {8}.
We have 3 ≠ 0.
So the message (enc(xor(divhead(ts[]),iv[]),sskey[]),divrest(ts[]),3) may be sent on channel d[] at output {15}.
mess(d[],(enc(xor(divhead(ts[]),iv[]),sskey[]),divrest(ts[]),3)).

8. The message (enc(xor(divhead(ts[]),iv[]),sskey[]),divrest(ts[]),3) that may be sent on channel d[] by 7 may be received at input {8}.
We have 3 ≠ 1.
So the message (enc(xor(divhead(ts[]),iv[]),sskey[]),enc(xor(divhead(divrest(ts[])),enc(xor(divhead(ts[]),iv[]),sskey[])),sskey[])) may be sent on channel cc[] at output {13}.
mess(cc[],(enc(xor(divhead(ts[]),iv[]),sskey[]),enc(xor(divhead(divrest(ts[])),enc(xor(divhead(ts[]),iv[]),sskey[])),sskey[]))).

9. The message 4 may be sent on channel dd[] at output {5}.
mess(dd[],4).

10. The message (iv[],ts[],4) that may be sent on channel d[] by 2 may be received at input {8}.
We have 4 ≠ 1.
So the message (iv[],enc(xor(divhead(ts[]),iv[]),sskey[])) may be sent on channel cc[] at output {13}.
mess(cc[],(iv[],enc(xor(divhead(ts[]),iv[]),sskey[]))).

11. The message 4 that may be sent on channel dd[] by 9 may be received at input {21}.
The message (iv[],enc(xor(divhead(ts[]),iv[]),sskey[])) that may be sent on channel cc[] by 10 may be received at input {22}.
We have 3 ≠ 0.
So the message 3 may be sent on channel dd[] at output {29}.
mess(dd[],3).

12. The message (iv[],ts[],4) that may be sent on channel d[] by 2 may be received at input {8}.
We have 4 ≠ 1.
So the message (iv[],enc(xor(divhead(ts[]),iv[]),sskey[])) may be sent on channel cc[] at output {13}.
mess(cc[],(iv[],enc(xor(divhead(ts[]),iv[]),sskey[]))).

13. The message 3 that may be sent on channel dd[] by 11 may be received at input {21}.
The message (iv[],enc(xor(divhead(ts[]),iv[]),sskey[])) that may be sent on channel cc[] by 12 may be received at input {22}.
We have 2 ≠ 0.
So the message 2 may be sent on channel dd[] at output {29}.
mess(dd[],2).

14. The message (iv[],ts[],4) that may be sent on channel d[] by 2 may be received at input {8}.
We have 3 ≠ 0.
So the message (enc(xor(divhead(ts[]),iv[]),sskey[]),divrest(ts[]),3) may be sent on channel d[] at output {15}.
mess(d[],(enc(xor(divhead(ts[]),iv[]),sskey[]),divrest(ts[]),3)).

15. The message (enc(xor(divhead(ts[]),iv[]),sskey[]),divrest(ts[]),3) that may be sent on channel d[] by 14 may be received at input {8}.
We have 2 ≠ 0.
So the message (enc(xor(divhead(divrest(ts[])),enc(xor(divhead(ts[]),iv[]),sskey[])),sskey[]),divrest(divrest(ts[])),2) may be sent on channel d[] at output {15}.
mess(d[],(enc(xor(divhead(divrest(ts[])),enc(xor(divhead(ts[]),iv[]),sskey[])),sskey[]),divrest(divrest(ts[])),2)).

16. The message (enc(xor(divhead(divrest(ts[])),enc(xor(divhead(ts[]),iv[]),sskey[])),sskey[]),divrest(divrest(ts[])),2) that may be sent on channel d[] by 15 may be received at input {8}.
We have 2 ≠ 1.
So the message (enc(xor(divhead(divrest(ts[])),enc(xor(divhead(ts[]),iv[]),sskey[])),sskey[]),enc(xor(divhead(divrest(divrest(ts[]))),enc(xor(divhead(divrest(ts[])),enc(xor(divhead(ts[]),iv[]),sskey[])),sskey[])),sskey[])) may be sent on channel cc[] at output {13}.
mess(cc[],(enc(xor(divhead(divrest(ts[])),enc(xor(divhead(ts[]),iv[]),sskey[])),sskey[]),enc(xor(divhead(divrest(divrest(ts[]))),enc(xor(divhead(divrest(ts[])),enc(xor(divhead(ts[]),iv[]),sskey[])),sskey[])),sskey[]))).

17. The message 4 may be sent on channel dd[] at output {5}.
mess(dd[],4).

18. The message (iv[],ts[],4) that may be sent on channel d[] by 2 may be received at input {8}.
We have 4 ≠ 1.
So the message (iv[],enc(xor(divhead(ts[]),iv[]),sskey[])) may be sent on channel cc[] at output {13}.
mess(cc[],(iv[],enc(xor(divhead(ts[]),iv[]),sskey[]))).

19. The message 4 that may be sent on channel dd[] by 17 may be received at input {21}.
The message (iv[],enc(xor(divhead(ts[]),iv[]),sskey[])) that may be sent on channel cc[] by 18 may be received at input {22}.
We have 3 ≠ 0.
So the message 3 may be sent on channel dd[] at output {29}.
mess(dd[],3).

20. The message (iv[],ts[],4) that may be sent on channel d[] by 2 may be received at input {8}.
We have 4 ≠ 1.
So the message (iv[],enc(xor(divhead(ts[]),iv[]),sskey[])) may be sent on channel cc[] at output {13}.
mess(cc[],(iv[],enc(xor(divhead(ts[]),iv[]),sskey[]))).

21. The message 3 that may be sent on channel dd[] by 19 may be received at input {21}.
The message (iv[],enc(xor(divhead(ts[]),iv[]),sskey[])) that may be sent on channel cc[] by 20 may be received at input {22}.
We have 2 ≠ 0.
So the message 2 may be sent on channel dd[] at output {29}.
mess(dd[],2).

22. The message (iv[],ts[],4) that may be sent on channel d[] by 2 may be received at input {8}.
We have 4 ≠ 1.
So the message (iv[],enc(xor(divhead(ts[]),iv[]),sskey[])) may be sent on channel cc[] at output {13}.
mess(cc[],(iv[],enc(xor(divhead(ts[]),iv[]),sskey[]))).

23. The message 2 that may be sent on channel dd[] by 21 may be received at input {21}.
The message (iv[],enc(xor(divhead(ts[]),iv[]),sskey[])) that may be sent on channel cc[] by 22 may be received at input {22}.
We have 1 ≠ 0.
So the message 1 may be sent on channel dd[] at output {29}.
mess(dd[],1).

24. The message (iv[],ts[],4) that may be sent on channel d[] by 2 may be received at input {8}.
We have 3 ≠ 0.
So the message (enc(xor(divhead(ts[]),iv[]),sskey[]),divrest(ts[]),3) may be sent on channel d[] at output {15}.
mess(d[],(enc(xor(divhead(ts[]),iv[]),sskey[]),divrest(ts[]),3)).

25. The message (enc(xor(divhead(ts[]),iv[]),sskey[]),divrest(ts[]),3) that may be sent on channel d[] by 24 may be received at input {8}.
We have 2 ≠ 0.
So the message (enc(xor(divhead(divrest(ts[])),enc(xor(divhead(ts[]),iv[]),sskey[])),sskey[]),divrest(divrest(ts[])),2) may be sent on channel d[] at output {15}.
mess(d[],(enc(xor(divhead(divrest(ts[])),enc(xor(divhead(ts[]),iv[]),sskey[])),sskey[]),divrest(divrest(ts[])),2)).

26. The message (enc(xor(divhead(divrest(ts[])),enc(xor(divhead(ts[]),iv[]),sskey[])),sskey[]),divrest(divrest(ts[])),2) that may be sent on channel d[] by 25 may be received at input {8}.
We have 1 ≠ 0.
So the message (enc(xor(divhead(divrest(divrest(ts[]))),enc(xor(divhead(divrest(ts[])),enc(xor(divhead(ts[]),iv[]),sskey[])),sskey[])),sskey[]),divrest(divrest(divrest(ts[]))),1) may be sent on channel d[] at output {15}.
mess(d[],(enc(xor(divhead(divrest(divrest(ts[]))),enc(xor(divhead(divrest(ts[])),enc(xor(divhead(ts[]),iv[]),sskey[])),sskey[])),sskey[]),divrest(divrest(divrest(ts[]))),1)).

27. The message (enc(xor(divhead(divrest(divrest(ts[]))),enc(xor(divhead(divrest(ts[])),enc(xor(divhead(ts[]),iv[]),sskey[])),sskey[])),sskey[]),divrest(divrest(divrest(ts[]))),1) that may be sent on channel d[] by 26 may be received at input {8}.
So the message (enc(xor(divhead(divrest(divrest(ts[]))),enc(xor(divhead(divrest(ts[])),enc(xor(divhead(ts[]),iv[]),sskey[])),sskey[])),sskey[]),enc(xor(divrest(divrest(divrest(ts[]))),enc(xor(divhead(divrest(divrest(ts[]))),enc(xor(divhead(divrest(ts[])),enc(xor(divhead(ts[]),iv[]),sskey[])),sskey[])),sskey[])),sskey[])) may be sent on channel cc[] at output {18}.
mess(cc[],(enc(xor(divhead(divrest(divrest(ts[]))),enc(xor(divhead(divrest(ts[])),enc(xor(divhead(ts[]),iv[]),sskey[])),sskey[])),sskey[]),enc(xor(divrest(divrest(divrest(ts[]))),enc(xor(divhead(divrest(divrest(ts[]))),enc(xor(divhead(divrest(ts[])),enc(xor(divhead(ts[]),iv[]),sskey[])),sskey[])),sskey[])),sskey[]))).

28. The message 1 that may be sent on channel dd[] by 23 may be received at input {21}.
The message (enc(xor(divhead(divrest(divrest(ts[]))),enc(xor(divhead(divrest(ts[])),enc(xor(divhead(ts[]),iv[]),sskey[])),sskey[])),sskey[]),enc(xor(divrest(divrest(divrest(ts[]))),enc(xor(divhead(divrest(divrest(ts[]))),enc(xor(divhead(divrest(ts[])),enc(xor(divhead(ts[]),iv[]),sskey[])),sskey[])),sskey[])),sskey[])) that may be sent on channel cc[] by 27 may be received at input {22}.
So the message (1,divrest(divrest(divrest(ts[])))) may be sent on channel ee[] at output {36}.
mess(ee[],(1,divrest(divrest(divrest(ts[]))))).

29. The message 2 that may be sent on channel dd[] by 13 may be received at input {21}.
The message (enc(xor(divhead(divrest(ts[])),enc(xor(divhead(ts[]),iv[]),sskey[])),sskey[]),enc(xor(divhead(divrest(divrest(ts[]))),enc(xor(divhead(divrest(ts[])),enc(xor(divhead(ts[]),iv[]),sskey[])),sskey[])),sskey[])) that may be sent on channel cc[] by 16 may be received at input {22}.
The message (1,divrest(divrest(divrest(ts[])))) that may be sent on channel ee[] by 28 may be received at input {30}.
We have 1 ≠ 0.
So the message (2,divrest(divrest(ts[]))) may be sent on channel ee[] at output {33}.
mess(ee[],(2,divrest(divrest(ts[])))).

30. The message 3 that may be sent on channel dd[] by 6 may be received at input {21}.
The message (enc(xor(divhead(ts[]),iv[]),sskey[]),enc(xor(divhead(divrest(ts[])),enc(xor(divhead(ts[]),iv[]),sskey[])),sskey[])) that may be sent on channel cc[] by 8 may be received at input {22}.
The message (2,divrest(divrest(ts[]))) that may be sent on channel ee[] by 29 may be received at input {30}.
We have 2 ≠ 0.
So the message (3,divrest(ts[])) may be sent on channel ee[] at output {33}.
mess(ee[],(3,divrest(ts[]))).

31. The message 4 that may be sent on channel dd[] by 1 may be received at input {21}.
The message (iv[],enc(xor(divhead(ts[]),iv[]),sskey[])) that may be sent on channel cc[] by 3 may be received at input {22}.
The message (3,divrest(ts[])) that may be sent on channel ee[] by 30 may be received at input {30}.
We have 3 ≠ 0.
So event SuccCBC may be executed at {35}.
event(SuccCBC).

32. By 31, event(SuccCBC).
The goal is reached, represented in the following fact:
event(SuccCBC).


Could not find a trace corresponding to this derivation.
RESULT not event(SuccCBC) cannot be proved.

--------------------------------------------------------------
Verification summary:

Query not attacker(ts[]) is true.

Query not event(SuccCBC) cannot be proved.

--------------------------------------------------------------

