Linear part: No equation.
Convergent part:
con(divhead(mt),divrest(mt)) = mt
Completing equations...
Completed equations:
con(divhead(mt),divrest(mt)) = mt
Process 0 (that is, the initial process):
(
    {1}!
    {2}in(c, mm: bitstring);
    (
        {3}out(t, (iv,mm,4,mm))
    ) | (
        {4}!
        {5}in(t, (ha: bitstring,rm: bitstring,bl: nat,mm_1: bitstring));
        {6}if (bl ≠ 1) then
        (
            {7}let newbl: bitstring = divhead(rm) in
            {8}let newstream: bitstring = divrest(rm) in
            {9}let newha: bitstring = comp(ha,newbl) in
            {10}out(t, (newha,newstream,bl - 1,mm_1))
        )
        else
            {11}let MDh: bitstring = comp(ha,rm) in
            {12}insert MD(mm_1,MDh);
            {13}out(c, MDh)
    )
) | (
    {14}!
    {15}in(c, (m1: bitstring,m2: bitstring));
    {19}get MD(=m1,MDm1: bitstring) in
    {18}get MD(=m2,MDm2: bitstring) in
    {16}if ((m1 ≠ m2) && (MDm1 = MDm2)) then
    {17}event COL
)

--  Process 1 (that is, process 0, with let moved downwards):
(
    {1}!
    {2}in(c, mm: bitstring);
    (
        {3}out(t, (iv,mm,4,mm))
    ) | (
        {4}!
        {5}in(t, (ha: bitstring,rm: bitstring,bl: nat,mm_1: bitstring));
        {6}if (bl ≠ 1) then
        (
            {7}let newbl: bitstring = divhead(rm) in
            {9}let newha: bitstring = comp(ha,newbl) in
            {8}let newstream: bitstring = divrest(rm) in
            {10}out(t, (newha,newstream,bl - 1,mm_1))
        )
        else
            {11}let MDh: bitstring = comp(ha,rm) in
            {12}insert MD(mm_1,MDh);
            {13}out(c, MDh)
    )
) | (
    {14}!
    {15}in(c, (m1: bitstring,m2: bitstring));
    {19}get MD(=m1,MDm1: bitstring) in
    {18}get MD(=m2,MDm2: bitstring) in
    {16}if ((m1 ≠ m2) && (MDm1 = MDm2)) then
    {17}event COL
)

-- Query not event(COL) in process 1.
Translating the process into Horn clauses...
Completing...
Starting query not event(COL)
RESULT not event(COL) is true.

--------------------------------------------------------------
Verification summary:

Query not event(COL) is true.

--------------------------------------------------------------

